<?xml version="1.0" encoding="UTF-8"?>
<testsuite xmlns:xsi="http://www.w3.org/2001/XMLSchema-instance" xsi:noNamespaceSchemaLocation="https://maven.apache.org/surefire/maven-surefire-plugin/xsd/surefire-test-report.xsd" name="it.unipd.mtss.business.EShopBillTest" time="0.18" tests="7" errors="0" skipped="0" failures="0">
  <properties>
[...]
</properties>
  <testcase name="getOrderPriceErrorWithMoreThan30Orders" classname="it.unipd.mtss.business.EShopBillTest" time="0.021"/>
  <testcase name="getOrderPriceWithDiscountWhenFiveProcessorsBought" classname="it.unipd.mtss.business.EShopBillTest" time="0.001"/>
  <testcase name="getOrderPriceFromListOfItems" classname="it.unipd.mtss.business.EShopBillTest" time="0.003"/>
  <testcase name="getOrderPriceWithDiscontWhenTotalIsBiggerThan1000" classname="it.unipd.mtss.business.EShopBillTest" time="0.003"/>
  <testcase name="getOrderPriceWithDiscontWhenSameAmountKeybordsAndMouses" classname="it.unipd.mtss.business.EShopBillTest" time="0.003"/>
  <testcase name="getOrderPriceWithFreeMouseWhenAtLeast10AreBought" classname="it.unipd.mtss.business.EShopBillTest" time="0.003"/>
  <testcase name="getOrderPriceWithAdditionalCostsSinceTotalIsLessThan10" classname="it.unipd.mtss.business.EShopBillTest" time="0.002"/>
</testsuite>